2023-04-21 14:21:29,966 - 3936315843.py[line:51] - INFO: Epoch [1/30]
2023-04-21 14:36:28,491 - bert_cls.py[line:161] - INFO: Epoch [1/30]
2023-04-21 15:41:08,738 - bert_cls.py[line:162] - INFO: Epoch [1/30]
2023-04-21 15:45:23,282 - bert_cls.py[line:162] - INFO: Epoch [1/30]
2023-04-21 15:46:37,231 - bert_cls.py[line:193] - INFO: Train Loss: 0.512774,  Train Acc: 86.0036%,  Train F1: 86.0152%,  Val Loss: 0.3272,  Val Acc: 90.7429%,  Val F1: 90.7251%
2023-04-21 15:46:37,231 - bert_cls.py[line:194] - INFO: Precision, Recall and F1-Score...
2023-04-21 15:46:37,231 - bert_cls.py[line:195] - INFO:               precision    recall  f1-score   support

          体育     0.9662    0.9140    0.9394       500
          娱乐     0.8769    0.9120    0.8941       500
          家居     0.8659    0.9040    0.8845       500
          彩票     0.9569    0.9760    0.9663       500
          房产     0.9747    0.8480    0.9070       500
          教育     0.9422    0.9460    0.9441       500
          时尚     0.8785    0.9540    0.9147       500
          时政     0.8619    0.9240    0.8919       500
          星座     0.9801    0.9860    0.9831       500
          游戏     0.8874    0.9300    0.9082       500
          社会     0.9393    0.8660    0.9011       500
          科技     0.8473    0.8320    0.8396       500
          股票     0.8698    0.8020    0.8345       500
          财经     0.8767    0.9100    0.8930       500

    accuracy                         0.9074      7000
   macro avg     0.9088    0.9074    0.9073      7000
weighted avg     0.9088    0.9074    0.9073      7000

2023-04-21 15:46:37,232 - bert_cls.py[line:196] - INFO: Confusion Matrix...
2023-04-21 15:46:37,232 - bert_cls.py[line:197] - INFO: [[457  18   2  12   0   1   0   2   0   3   0   2   2   1]
 [  3 456   2   1   1   3  21   4   1   6   0   1   0   1]
 [  0   6 452   0   2   0  16   3   2   7   0  10   2   0]
 [  7   2   1 488   0   0   0   0   0   0   1   1   0   0]
 [  1   3  30   1 424   2   3   8   0   1   5   2  14   6]
 [  0   2   3   0   0 473   4   3   6   3   2   3   0   1]
 [  0   8   7   0   0   0 477   2   0   3   0   2   0   1]
 [  2   3   1   0   1   4   2 462   0   3   7   7   3   5]
 [  0   0   0   0   0   0   4   0 493   1   0   1   0   1]
 [  1   6   3   0   0   0   3   0   0 465   0  20   1   1]
 [  0   8   1   7   0  17   6  20   0   2 433   3   1   2]
 [  1   3  11   0   0   1   6  11   1  24  10 416  14   2]
 [  1   5   4   0   5   0   0  15   0   6   0  20 401  43]
 [  0   0   5   1   2   1   1   6   0   0   3   3  23 455]]
2023-04-21 15:46:37,894 - bert_cls.py[line:162] - INFO: Epoch [2/30]
2023-04-21 15:47:51,801 - bert_cls.py[line:193] - INFO: Train Loss: 0.232234,  Train Acc: 93.2714%,  Train F1: 93.2741%,  Val Loss: 0.3331,  Val Acc: 90.9429%,  Val F1: 90.9340%
2023-04-21 15:47:51,801 - bert_cls.py[line:194] - INFO: Precision, Recall and F1-Score...
2023-04-21 15:47:51,801 - bert_cls.py[line:195] - INFO:               precision    recall  f1-score   support

          体育     0.9446    0.9540    0.9493       500
          娱乐     0.8378    0.9300    0.8815       500
          家居     0.8885    0.9080    0.8981       500
          彩票     0.9663    0.9760    0.9711       500
          房产     0.9715    0.8860    0.9268       500
          教育     0.9398    0.9360    0.9379       500
          时尚     0.9488    0.9260    0.9372       500
          时政     0.8585    0.9220    0.8891       500
          星座     0.9859    0.9820    0.9840       500
          游戏     0.8378    0.9400    0.8860       500
          社会     0.9382    0.8500    0.8919       500
          科技     0.8551    0.8260    0.8403       500
          股票     0.8939    0.7920    0.8399       500
          财经     0.8915    0.9040    0.8977       500

    accuracy                         0.9094      7000
   macro avg     0.9113    0.9094    0.9093      7000
weighted avg     0.9113    0.9094    0.9093      7000

2023-04-21 15:47:51,801 - bert_cls.py[line:196] - INFO: Confusion Matrix...
2023-04-21 15:47:51,801 - bert_cls.py[line:197] - INFO: [[477  11   1   7   0   0   1   0   0   1   0   1   1   0]
 [  7 465   3   0   0   3   0   2   0  18   1   1   0   0]
 [  2   5 454   0   3   0   9   3   1  13   1   8   1   0]
 [  8   1   0 488   0   0   0   0   0   1   1   1   0   0]
 [  1   3  19   1 443   2   3   5   0   1   5   2   9   6]
 [  0   3   3   0   2 468   3   5   6   5   1   4   0   0]
 [  0  23   9   0   0   0 463   2   0   2   0   1   0   0]
 [  4   5   0   1   2   6   1 461   0   3   1   8   6   2]
 [  0   1   3   0   0   1   3   0 491   0   0   1   0   0]
 [  1   5   3   0   1   0   1   1   0 470   3  14   1   0]
 [  1  17   2   6   0  14   0  22   0   1 425   5   1   6]
 [  3   6   5   0   0   3   3  11   0  35  12 413   8   1]
 [  1   7   6   1   4   0   0  18   0  10   0  17 396  40]
 [  0   3   3   1   1   1   1   7   0   1   3   7  20 452]]
2023-04-21 15:47:52,427 - bert_cls.py[line:162] - INFO: Epoch [3/30]
2023-04-21 15:49:06,780 - bert_cls.py[line:193] - INFO: Train Loss: 0.138808,  Train Acc: 95.9500%,  Train F1: 95.9496%,  Val Loss: 0.3466,  Val Acc: 91.1429%,  Val F1: 91.1575%
2023-04-21 15:49:06,780 - bert_cls.py[line:194] - INFO: Precision, Recall and F1-Score...
2023-04-21 15:49:06,780 - bert_cls.py[line:195] - INFO:               precision    recall  f1-score   support

          体育     0.9271    0.9660    0.9461       500
          娱乐     0.8537    0.9340    0.8921       500
          家居     0.9292    0.8920    0.9102       500
          彩票     0.9875    0.9500    0.9684       500
          房产     0.9551    0.8940    0.9236       500
          教育     0.9477    0.9420    0.9448       500
          时尚     0.9543    0.9180    0.9358       500
          时政     0.8469    0.9180    0.8810       500
          星座     0.9879    0.9800    0.9839       500
          游戏     0.9095    0.9040    0.9067       500
          社会     0.9065    0.8920    0.8992       500
          科技     0.8384    0.8300    0.8342       500
          股票     0.8817    0.8200    0.8497       500
          财经     0.8550    0.9200    0.8863       500

    accuracy                         0.9114      7000
   macro avg     0.9129    0.9114    0.9116      7000
weighted avg     0.9129    0.9114    0.9116      7000

2023-04-21 15:49:06,780 - bert_cls.py[line:196] - INFO: Confusion Matrix...
2023-04-21 15:49:06,780 - bert_cls.py[line:197] - INFO: [[483  11   1   3   0   0   0   1   0   0   0   0   0   1]
 [  6 467   2   0   1   3   4   4   0  11   1   0   0   1]
 [  1  10 446   0   4   0   9   4   0   6   3  13   2   2]
 [ 21   2   0 475   0   0   0   0   0   0   1   1   0   0]
 [  1   5   7   0 447   3   2   7   0   0   9   2  11   6]
 [  0   3   3   0   1 471   1   5   5   3   2   4   0   2]
 [  0  19   7   0   1   2 459   4   0   2   2   2   1   1]
 [  3   3   0   0   3   3   1 459   0   2   7   3   8   8]
 [  0   3   2   0   0   1   3   0 490   0   0   1   0   0]
 [  3   7   2   0   3   0   0   1   0 452   3  27   0   2]
 [  0   9   0   2   0  12   0  18   0   0 446   8   1   4]
 [  1   3   8   0   1   0   2  17   1  18  14 415  10  10]
 [  2   4   0   1   5   0   0  17   0   3   0  17 410  41]
 [  0   1   2   0   2   2   0   5   0   0   4   2  22 460]]
2023-04-21 15:49:07,398 - bert_cls.py[line:162] - INFO: Epoch [4/30]
2023-04-21 15:50:22,074 - bert_cls.py[line:193] - INFO: Train Loss: 0.099849,  Train Acc: 97.0357%,  Train F1: 97.0350%,  Val Loss: 0.3836,  Val Acc: 90.9429%,  Val F1: 90.9796%
2023-04-21 15:50:22,075 - bert_cls.py[line:194] - INFO: Precision, Recall and F1-Score...
2023-04-21 15:50:22,075 - bert_cls.py[line:195] - INFO:               precision    recall  f1-score   support

          体育     0.9535    0.9440    0.9487       500
          娱乐     0.8780    0.9360    0.9061       500
          家居     0.9604    0.8740    0.9152       500
          彩票     0.9703    0.9800    0.9751       500
          房产     0.9058    0.9040    0.9049       500
          教育     0.9535    0.9440    0.9487       500
          时尚     0.9761    0.9000    0.9365       500
          时政     0.8242    0.9280    0.8730       500
          星座     0.9762    0.9860    0.9811       500
          游戏     0.8980    0.9160    0.9069       500
          社会     0.9201    0.8980    0.9089       500
          科技     0.8205    0.8500    0.8350       500
          股票     0.8004    0.8580    0.8282       500
          财经     0.9314    0.8140    0.8687       500

    accuracy                         0.9094      7000
   macro avg     0.9120    0.9094    0.9098      7000
weighted avg     0.9120    0.9094    0.9098      7000

2023-04-21 15:50:22,075 - bert_cls.py[line:196] - INFO: Confusion Matrix...
2023-04-21 15:50:22,075 - bert_cls.py[line:197] - INFO: [[472  11   1  10   1   0   0   1   0   1   0   2   0   1]
 [  8 468   1   0   2   3   2   5   0   6   4   0   0   1]
 [  0   6 437   0  12   1   6   4   3   9   0  16   5   1]
 [  8   0   0 490   1   0   0   0   0   0   0   1   0   0]
 [  0   3   5   0 452   3   0   6   0   1   6   2  16   6]
 [  2   1   1   0   3 472   2   5   4   3   5   2   0   0]
 [  0  22   8   0   2   0 450   5   3   2   2   6   0   0]
 [  2   2   0   0   4   5   0 464   0   1   5   5  10   2]
 [  0   2   1   0   1   2   0   0 493   0   0   1   0   0]
 [  2   6   0   0   2   1   0   1   1 458   1  26   2   0]
 [  0   5   0   3   3   7   0  25   0   0 449   6   2   0]
 [  0   3   1   1   3   0   0  14   1  25  11 425  12   4]
 [  1   4   0   1   6   0   0  19   0   4   0  21 429  15]
 [  0   0   0   0   7   1   1  14   0   0   5   5  60 407]]
2023-04-21 15:50:22,076 - bert_cls.py[line:162] - INFO: Epoch [5/30]
2023-04-21 15:51:37,017 - bert_cls.py[line:193] - INFO: Train Loss: 0.0720613,  Train Acc: 97.8786%,  Train F1: 97.8786%,  Val Loss: 0.4656,  Val Acc: 90.5857%,  Val F1: 90.6240%
2023-04-21 15:51:37,017 - bert_cls.py[line:194] - INFO: Precision, Recall and F1-Score...
2023-04-21 15:51:37,017 - bert_cls.py[line:195] - INFO:               precision    recall  f1-score   support

          体育     0.9669    0.9340    0.9502       500
          娱乐     0.8917    0.9220    0.9066       500
          家居     0.9551    0.8940    0.9236       500
          彩票     0.9703    0.9800    0.9751       500
          房产     0.9503    0.8800    0.9138       500
          教育     0.9481    0.9500    0.9491       500
          时尚     0.9739    0.8960    0.9333       500
          时政     0.8052    0.9260    0.8614       500
          星座     0.9820    0.9820    0.9820       500
          游戏     0.8446    0.9240    0.8825       500
          社会     0.9058    0.9040    0.9049       500
          科技     0.8027    0.8220    0.8123       500
          股票     0.8432    0.7960    0.8189       500
          财经     0.8755    0.8720    0.8737       500

    accuracy                         0.9059      7000
   macro avg     0.9082    0.9059    0.9062      7000
weighted avg     0.9082    0.9059    0.9062      7000

2023-04-21 15:51:37,017 - bert_cls.py[line:196] - INFO: Confusion Matrix...
2023-04-21 15:51:37,018 - bert_cls.py[line:197] - INFO: [[467   7   1  12   0   1   0   6   0   3   0   1   1   1]
 [  8 461   0   0   0   3   0   9   1  10   2   4   0   2]
 [  0   4 447   0   6   0   6   2   1  13   1  15   2   3]
 [  3   0   0 490   0   0   0   1   0   0   4   1   0   1]
 [  0   2   2   0 440   4   1  13   0   2   7   5  17   7]
 [  1   0   1   0   1 475   1   9   3   4   3   1   0   1]
 [  0  24   7   0   2   2 448   4   2   6   2   1   0   2]
 [  1   2   0   0   0   3   0 463   0   2   9   9   8   3]
 [  0   1   3   0   1   0   2   0 491   0   0   1   0   1]
 [  2   4   0   0   3   2   0   1   1 462   4  16   3   2]
 [  0   7   0   1   1   8   0  18   0   1 452  10   1   1]
 [  0   2   3   1   0   2   2  17   1  40  10 411   7   4]
 [  1   3   1   0   4   0   0  21   0   4   0  34 398  34]
 [  0   0   3   1   5   1   0  11   0   0   5   3  35 436]]
2023-04-21 15:51:37,019 - bert_cls.py[line:162] - INFO: Epoch [6/30]
2023-04-21 15:52:52,078 - bert_cls.py[line:193] - INFO: Train Loss: 0.0565292,  Train Acc: 98.4036%,  Train F1: 98.4032%,  Val Loss: 0.4786,  Val Acc: 90.9143%,  Val F1: 90.9783%
2023-04-21 15:52:52,078 - bert_cls.py[line:194] - INFO: Precision, Recall and F1-Score...
2023-04-21 15:52:52,078 - bert_cls.py[line:195] - INFO:               precision    recall  f1-score   support

          体育     0.9617    0.9540    0.9578       500
          娱乐     0.9039    0.9220    0.9129       500
          家居     0.9281    0.9040    0.9159       500
          彩票     0.9839    0.9800    0.9820       500
          房产     0.9570    0.8460    0.8981       500
          教育     0.9669    0.9340    0.9502       500
          时尚     0.9385    0.9160    0.9271       500
          时政     0.7820    0.9400    0.8538       500
          星座     0.9898    0.9740    0.9819       500
          游戏     0.9094    0.9240    0.9167       500
          社会     0.8988    0.8880    0.8934       500
          科技     0.8045    0.8560    0.8295       500
          股票     0.8255    0.8420    0.8337       500
          财经     0.9237    0.8480    0.8843       500

    accuracy                         0.9091      7000
   macro avg     0.9124    0.9091    0.9098      7000
weighted avg     0.9124    0.9091    0.9098      7000

2023-04-21 15:52:52,078 - bert_cls.py[line:196] - INFO: Confusion Matrix...
2023-04-21 15:52:52,078 - bert_cls.py[line:197] - INFO: [[477   8   1   6   0   0   0   3   0   1   0   3   0   1]
 [  7 461   1   0   0   2   3  11   0   4   7   3   1   0]
 [  0   3 452   0   5   1  11   1   0   5   2  16   3   1]
 [  6   0   0 490   0   0   0   0   0   0   3   1   0   0]
 [  1   4   6   0 423   3   6  16   0   0   6   5  27   3]
 [  1   0   3   0   2 467   1  11   3   1   6   4   0   1]
 [  0  16  10   0   2   0 458   5   0   2   2   5   0   0]
 [  1   3   0   0   1   2   0 470   0   1   5   9   4   4]
 [  0   2   4   0   0   1   3   0 487   0   0   2   0   1]
 [  2   4   4   0   1   0   2   2   0 462   2  16   3   2]
 [  0   5   1   2   1   4   0  29   0   2 444  10   2   0]
 [  0   0   2   0   1   1   3  17   1  28  11 428   7   1]
 [  1   3   0   0   2   0   0  23   0   2   0  27 421  21]
 [  0   1   3   0   4   2   1  13   1   0   6   3  42 424]]
2023-04-21 15:52:52,079 - bert_cls.py[line:162] - INFO: Epoch [7/30]
2023-04-21 15:54:07,744 - bert_cls.py[line:193] - INFO: Train Loss: 0.04986,  Train Acc: 98.6643%,  Train F1: 98.6643%,  Val Loss: 0.4801,  Val Acc: 91.1714%,  Val F1: 91.1626%
2023-04-21 15:54:07,744 - bert_cls.py[line:194] - INFO: Precision, Recall and F1-Score...
2023-04-21 15:54:07,744 - bert_cls.py[line:195] - INFO:               precision    recall  f1-score   support

          体育     0.9530    0.9320    0.9424       500
          娱乐     0.9073    0.9400    0.9234       500
          家居     0.9513    0.8600    0.9034       500
          彩票     0.9590    0.9820    0.9704       500
          房产     0.9386    0.8860    0.9115       500
          教育     0.9478    0.9440    0.9459       500
          时尚     0.9100    0.9300    0.9199       500
          时政     0.8418    0.9260    0.8819       500
          星座     0.9840    0.9820    0.9830       500
          游戏     0.9153    0.9080    0.9116       500
          社会     0.8902    0.9240    0.9068       500
          科技     0.8112    0.8680    0.8386       500
          股票     0.8809    0.7840    0.8296       500
          财经     0.8909    0.8980    0.8944       500

    accuracy                         0.9117      7000
   macro avg     0.9129    0.9117    0.9116      7000
weighted avg     0.9129    0.9117    0.9116      7000

2023-04-21 15:54:07,745 - bert_cls.py[line:196] - INFO: Confusion Matrix...
2023-04-21 15:54:07,745 - bert_cls.py[line:197] - INFO: [[466   9   1  19   0   0   0   2   0   0   1   1   0   1]
 [  8 470   0   0   1   2   5   4   0   5   3   2   0   0]
 [  0   4 430   0  10   1  24   2   2   7   1  14   3   2]
 [  3   0   0 491   0   0   0   0   0   0   5   1   0   0]
 [  1   4   4   0 443   3   4   7   0   1   8   3  15   7]
 [  1   0   2   0   0 472   3   7   3   3   7   1   0   1]
 [  0  13   6   0   2   2 465   2   2   2   2   3   1   0]
 [  2   3   0   0   3   4   1 463   0   1   8   9   1   5]
 [  0   3   2   0   0   1   2   0 491   0   0   1   0   0]
 [  5   3   2   0   1   0   2   1   0 454   1  25   4   2]
 [  1   6   1   0   1   6   0  14   0   0 462   8   1   0]
 [  0   0   2   1   3   3   2  10   1  20  13 434   8   3]
 [  1   3   1   1   4   2   1  29   0   2   1  29 392  34]
 [  1   0   1   0   4   2   2   9   0   1   7   4  20 449]]
2023-04-21 15:54:08,442 - bert_cls.py[line:162] - INFO: Epoch [8/30]
2023-04-21 15:55:24,140 - bert_cls.py[line:193] - INFO: Train Loss: 0.0431082,  Train Acc: 98.8786%,  Train F1: 98.8785%,  Val Loss: 0.543,  Val Acc: 90.8143%,  Val F1: 90.8069%
2023-04-21 15:55:24,140 - bert_cls.py[line:194] - INFO: Precision, Recall and F1-Score...
2023-04-21 15:55:24,141 - bert_cls.py[line:195] - INFO:               precision    recall  f1-score   support

          体育     0.9377    0.9640    0.9507       500
          娱乐     0.9050    0.9140    0.9095       500
          家居     0.8957    0.9100    0.9028       500
          彩票     0.9840    0.9840    0.9840       500
          房产     0.9562    0.8740    0.9133       500
          教育     0.9407    0.9520    0.9463       500
          时尚     0.9384    0.8840    0.9104       500
          时政     0.8361    0.9180    0.8751       500
          星座     0.9840    0.9820    0.9830       500
          游戏     0.9014    0.8960    0.8987       500
          社会     0.8748    0.9360    0.9043       500
          科技     0.8019    0.8420    0.8215       500
          股票     0.8731    0.7840    0.8261       500
          财经     0.9010    0.8740    0.8873       500

    accuracy                         0.9081      7000
   macro avg     0.9093    0.9081    0.9081      7000
weighted avg     0.9093    0.9081    0.9081      7000

2023-04-21 15:55:24,141 - bert_cls.py[line:196] - INFO: Confusion Matrix...
2023-04-21 15:55:24,141 - bert_cls.py[line:197] - INFO: [[482   5   1   6   0   0   0   3   0   1   0   1   0   1]
 [ 10 457   1   0   0   3  10   2   0   6   6   4   1   0]
 [  0   6 455   0   2   0   7   2   1  10   0  14   2   1]
 [  6   0   0 492   0   0   0   0   0   0   1   1   0   0]
 [  2   1   7   0 437   5   7   6   0   2   8   3  16   6]
 [  1   1   3   0   1 476   1   4   3   3   4   2   0   1]
 [  2  13  21   0   1   2 442   2   1   5   3   6   1   1]
 [  5   3   1   0   2   4   0 459   0   1  15   6   1   3]
 [  0   1   2   0   0   2   3   0 491   0   0   1   0   0]
 [  3   7   3   0   0   1   0   1   0 448   3  34   0   0]
 [  1   5   2   1   1   6   0  11   1   0 468   3   1   0]
 [  0   2   4   0   4   4   1  17   1  17  18 421   8   3]
 [  1   3   2   0   6   0   0  33   0   4   1  26 392  32]
 [  1   1   6   1   3   3   0   9   1   0   8   3  27 437]]
2023-04-21 15:55:24,142 - bert_cls.py[line:162] - INFO: Epoch [9/30]
2023-04-21 15:56:40,423 - bert_cls.py[line:193] - INFO: Train Loss: 0.0461347,  Train Acc: 98.8000%,  Train F1: 98.7999%,  Val Loss: 0.5189,  Val Acc: 90.8000%,  Val F1: 90.8474%
2023-04-21 15:56:40,423 - bert_cls.py[line:194] - INFO: Precision, Recall and F1-Score...
2023-04-21 15:56:40,423 - bert_cls.py[line:195] - INFO:               precision    recall  f1-score   support

          体育     0.9653    0.9460    0.9556       500
          娱乐     0.8388    0.9680    0.8988       500
          家居     0.9345    0.8840    0.9085       500
          彩票     0.9742    0.9800    0.9771       500
          房产     0.9356    0.8720    0.9027       500
          教育     0.9421    0.9440    0.9431       500
          时尚     0.9325    0.9120    0.9221       500
          时政     0.8077    0.9240    0.8619       500
          星座     0.9899    0.9820    0.9859       500
          游戏     0.9367    0.8880    0.9117       500
          社会     0.9499    0.8340    0.8882       500
          科技     0.8244    0.8640    0.8438       500
          股票     0.8072    0.8540    0.8299       500
          财经     0.9208    0.8600    0.8893       500

    accuracy                         0.9080      7000
   macro avg     0.9114    0.9080    0.9085      7000
weighted avg     0.9114    0.9080    0.9085      7000

2023-04-21 15:56:40,423 - bert_cls.py[line:196] - INFO: Confusion Matrix...
2023-04-21 15:56:40,423 - bert_cls.py[line:197] - INFO: [[473  12   1   8   0   0   0   2   0   1   0   3   0   0]
 [  1 484   1   1   0   3   1   5   0   2   1   0   1   0]
 [  0  10 442   0   8   1  13   3   1   1   0  12   7   2]
 [  7   0   0 490   1   0   0   0   0   0   1   1   0   0]
 [  1   4   4   0 436   4   4  14   0   0   5   1  22   5]
 [  0   4   2   0   1 472   2   8   4   2   2   1   1   1]
 [  1  23   9   0   3   0 456   4   0   2   0   2   0   0]
 [  2   7   1   0   3   5   0 462   0   1   3   9   6   1]
 [  0   1   2   0   1   0   3   0 491   0   0   1   0   1]
 [  3  10   1   0   2   0   2   4   0 444   1  29   1   3]
 [  0  13   2   2   1  14   3  25   0   1 417  15   6   1]
 [  0   5   3   0   2   0   4  15   0  18   7 432  11   3]
 [  1   3   4   0   5   0   0  21   0   2   0  17 427  20]
 [  1   1   1   2   3   2   1   9   0   0   2   1  47 430]]
2023-04-21 15:56:40,424 - bert_cls.py[line:162] - INFO: Epoch [10/30]
2023-04-21 15:57:56,686 - bert_cls.py[line:193] - INFO: Train Loss: 0.0378614,  Train Acc: 99.0143%,  Train F1: 99.0142%,  Val Loss: 0.5666,  Val Acc: 91.1143%,  Val F1: 91.1269%
2023-04-21 15:57:56,686 - bert_cls.py[line:194] - INFO: Precision, Recall and F1-Score...
2023-04-21 15:57:56,686 - bert_cls.py[line:195] - INFO:               precision    recall  f1-score   support

          体育     0.9373    0.9560    0.9465       500
          娱乐     0.8348    0.9600    0.8930       500
          家居     0.9512    0.8960    0.9228       500
          彩票     0.9797    0.9660    0.9728       500
          房产     0.9513    0.8980    0.9239       500
          教育     0.9569    0.9320    0.9443       500
          时尚     0.9490    0.8940    0.9207       500
          时政     0.8177    0.9420    0.8755       500
          星座     0.9919    0.9820    0.9869       500
          游戏     0.9032    0.9140    0.9085       500
          社会     0.8842    0.9160    0.8998       500
          科技     0.8698    0.8020    0.8345       500
          股票     0.8480    0.8260    0.8369       500
          财经     0.9121    0.8720    0.8916       500

    accuracy                         0.9111      7000
   macro avg     0.9134    0.9111    0.9113      7000
weighted avg     0.9134    0.9111    0.9113      7000

2023-04-21 15:57:56,686 - bert_cls.py[line:196] - INFO: Confusion Matrix...
2023-04-21 15:57:56,686 - bert_cls.py[line:197] - INFO: [[478  12   1   5   0   0   0   1   0   1   0   1   0   1]
 [  5 480   0   0   0   2   1   4   0   3   4   0   1   0]
 [  2   8 448   0   4   2  13   4   1   6   2   8   1   1]
 [ 13   2   0 483   0   0   0   0   0   0   1   1   0   0]
 [  1   5   4   1 449   3   2   8   0   2   7   2  11   5]
 [  1   3   2   0   0 466   1   9   3   2   9   2   1   1]
 [  0  30   7   0   3   0 447   3   0   4   6   0   0   0]
 [  3   5   0   0   1   2   0 471   0   1   4   5   5   3]
 [  0   2   1   0   0   2   3   0 491   0   0   0   0   1]
 [  3   8   0   0   1   2   1   3   0 457   4  20   0   1]
 [  1   9   1   1   0   5   0  18   0   0 458   5   2   0]
 [  1   4   3   1   3   1   2  18   0  28  17 401  18   3]
 [  1   6   2   0   8   1   0  25   0   2   0  16 413  26]
 [  1   1   2   2   3   1   1  12   0   0   6   0  35 436]]
2023-04-21 15:57:56,687 - bert_cls.py[line:162] - INFO: Epoch [11/30]
2023-04-21 15:59:12,981 - bert_cls.py[line:193] - INFO: Train Loss: 0.0316815,  Train Acc: 99.1571%,  Train F1: 99.1571%,  Val Loss: 0.5724,  Val Acc: 91.2714%,  Val F1: 91.2726%
2023-04-21 15:59:12,982 - bert_cls.py[line:194] - INFO: Precision, Recall and F1-Score...
2023-04-21 15:59:12,982 - bert_cls.py[line:195] - INFO:               precision    recall  f1-score   support

          体育     0.9521    0.9540    0.9530       500
          娱乐     0.8571    0.9600    0.9057       500
          家居     0.9625    0.8720    0.9150       500
          彩票     0.9667    0.9860    0.9762       500
          房产     0.9033    0.9340    0.9184       500
          教育     0.9331    0.9480    0.9405       500
          时尚     0.9501    0.9140    0.9317       500
          时政     0.8544    0.8920    0.8728       500
          星座     0.9880    0.9860    0.9870       500
          游戏     0.9217    0.9180    0.9198       500
          社会     0.9144    0.8760    0.8948       500
          科技     0.7946    0.8820    0.8360       500
          股票     0.8717    0.7880    0.8277       500
          财经     0.9333    0.8680    0.8995       500

    accuracy                         0.9127      7000
   macro avg     0.9145    0.9127    0.9127      7000
weighted avg     0.9145    0.9127    0.9127      7000

2023-04-21 15:59:12,982 - bert_cls.py[line:196] - INFO: Confusion Matrix...
2023-04-21 15:59:12,982 - bert_cls.py[line:197] - INFO: [[477  12   1   9   1   0   0   0   0   0   0   0   0   0]
 [  4 480   0   0   1   3   3   3   0   3   3   0   0   0]
 [  1  10 436   0  13   0   7   3   1   6   1  19   3   0]
 [  5   0   0 493   0   0   0   0   0   0   1   1   0   0]
 [  0   4   2   0 467   3   1   5   0   2   4   2   6   4]
 [  1   4   1   0   1 474   2   4   4   2   4   3   0   0]
 [  1  18  10   0   3   1 457   2   0   2   2   3   1   0]
 [  5   4   0   0   3   6   0 446   0   2   9  16   7   2]
 [  0   2   1   0   0   1   2   0 493   0   0   1   0   0]
 [  2   5   0   0   4   1   2   1   0 459   0  25   0   1]
 [  2  13   0   4   2  14   2  13   0   0 438  10   1   1]
 [  0   3   0   1   4   1   4   8   1  18  10 441   9   0]
 [  1   4   0   1  12   2   0  29   0   4   0  30 394  23]
 [  2   1   2   2   6   2   1   8   0   0   7   4  31 434]]
2023-04-21 15:59:13,711 - bert_cls.py[line:162] - INFO: Epoch [12/30]
2023-04-21 16:00:30,288 - bert_cls.py[line:193] - INFO: Train Loss: 0.0322406,  Train Acc: 99.1893%,  Train F1: 99.1892%,  Val Loss: 0.6039,  Val Acc: 91.2143%,  Val F1: 91.2087%
2023-04-21 16:00:30,288 - bert_cls.py[line:194] - INFO: Precision, Recall and F1-Score...
2023-04-21 16:00:30,288 - bert_cls.py[line:195] - INFO:               precision    recall  f1-score   support

          体育     0.9483    0.9540    0.9511       500
          娱乐     0.9038    0.9020    0.9029       500
          家居     0.9293    0.8940    0.9113       500
          彩票     0.9686    0.9880    0.9782       500
          房产     0.9303    0.9080    0.9190       500
          教育     0.9488    0.9260    0.9372       500
          时尚     0.9277    0.9240    0.9259       500
          时政     0.8604    0.9120    0.8854       500
          星座     0.9919    0.9760    0.9839       500
          游戏     0.9224    0.9040    0.9131       500
          社会     0.8811    0.9040    0.8924       500
          科技     0.8051    0.8920    0.8463       500
          股票     0.9014    0.7680    0.8294       500
          财经     0.8693    0.9180    0.8930       500

    accuracy                         0.9121      7000
   macro avg     0.9135    0.9121    0.9121      7000
weighted avg     0.9135    0.9121    0.9121      7000

2023-04-21 16:00:30,288 - bert_cls.py[line:196] - INFO: Confusion Matrix...
2023-04-21 16:00:30,288 - bert_cls.py[line:197] - INFO: [[477   8   2   9   0   0   0   1   0   0   0   2   0   1]
 [ 10 451   2   0   2   3  10   2   0   7   5   7   0   1]
 [  1   5 447   0   5   1   9   3   0   9   3  12   1   4]
 [  4   0   0 494   0   0   0   0   0   0   1   1   0   0]
 [  0   2   4   0 454   2   4   7   0   1   7   4  10   5]
 [  3   1   4   0   0 463   3   4   3   2   8   8   0   1]
 [  0  14   8   0   1   1 462   2   1   2   3   6   0   0]
 [  1   3   0   0   3   4   2 456   0   1  20   5   1   4]
 [  0   1   4   0   0   3   2   0 488   0   0   1   0   1]
 [  3   5   2   1   2   0   3   2   0 452   1  25   2   2]
 [  2   6   1   4   3  10   0   8   0   0 452  11   2   1]
 [  0   1   4   0   3   0   2  11   0  14   7 446   9   3]
 [  1   2   3   1   8   0   0  28   0   2   0  25 384  46]
 [  1   0   0   1   7   1   1   6   0   0   6   1  17 459]]
2023-04-21 16:00:30,290 - bert_cls.py[line:162] - INFO: Epoch [13/30]
2023-04-21 16:01:48,024 - bert_cls.py[line:193] - INFO: Train Loss: 0.0353929,  Train Acc: 99.0857%,  Train F1: 99.0856%,  Val Loss: 0.6194,  Val Acc: 90.5000%,  Val F1: 90.4622%
2023-04-21 16:01:48,024 - bert_cls.py[line:194] - INFO: Precision, Recall and F1-Score...
2023-04-21 16:01:48,024 - bert_cls.py[line:195] - INFO:               precision    recall  f1-score   support

          体育     0.9222    0.9720    0.9464       500
          娱乐     0.9179    0.8940    0.9058       500
          家居     0.8798    0.9220    0.9004       500
          彩票     0.9896    0.9540    0.9715       500
          房产     0.8670    0.9260    0.8956       500
          教育     0.8840    0.9600    0.9204       500
          时尚     0.9160    0.9380    0.9269       500
          时政     0.8000    0.9040    0.8488       500
          星座     0.9939    0.9800    0.9869       500
          游戏     0.9402    0.8800    0.9091       500
          社会     0.8976    0.8940    0.8958       500
          科技     0.8551    0.8380    0.8465       500
          股票     0.9158    0.7400    0.8186       500
          财经     0.9175    0.8680    0.8921       500

    accuracy                         0.9050      7000
   macro avg     0.9069    0.9050    0.9046      7000
weighted avg     0.9069    0.9050    0.9046      7000

2023-04-21 16:01:48,024 - bert_cls.py[line:196] - INFO: Confusion Matrix...
2023-04-21 16:01:48,024 - bert_cls.py[line:197] - INFO: [[486   5   2   4   0   0   1   1   0   1   0   0   0   0]
 [  8 447   6   0   4   6   9   8   0   5   6   1   0   0]
 [  2   6 461   0   4   3  11   4   0   3   2   4   0   0]
 [ 16   0   0 477   2   1   0   0   0   0   3   1   0   0]
 [  0   0  13   0 463   5   2   5   0   0   3   1   4   4]
 [  1   0   3   0   0 480   2   4   3   1   5   1   0   0]
 [  0  13  10   0   1   1 469   2   0   1   1   2   0   0]
 [  2   2   0   0   5  13   1 452   0   1  11   5   2   6]
 [  0   1   3   0   0   4   1   0 490   0   0   1   0   0]
 [  4   5   4   0   5   0   9   1   0 440   1  28   1   2]
 [  1   3   1   0   4  16   1  21   0   0 447   5   1   0]
 [  2   2  11   0   6   5   5  19   0  14  12 419   5   0]
 [  4   3   7   0  22   5   0  39   0   2   0  21 370  27]
 [  1   0   3   1  18   4   1   9   0   0   7   1  21 434]]
2023-04-21 16:01:48,026 - bert_cls.py[line:162] - INFO: Epoch [14/30]
2023-04-21 16:03:04,385 - bert_cls.py[line:193] - INFO: Train Loss: 0.0315981,  Train Acc: 99.1893%,  Train F1: 99.1891%,  Val Loss: 0.6433,  Val Acc: 91.1000%,  Val F1: 91.0800%
2023-04-21 16:03:04,385 - bert_cls.py[line:194] - INFO: Precision, Recall and F1-Score...
2023-04-21 16:03:04,385 - bert_cls.py[line:195] - INFO:               precision    recall  f1-score   support

          体育     0.9398    0.9680    0.9537       500
          娱乐     0.9071    0.9180    0.9125       500
          家居     0.9408    0.8900    0.9147       500
          彩票     0.9761    0.9820    0.9791       500
          房产     0.8638    0.9260    0.8938       500
          教育     0.9607    0.9300    0.9451       500
          时尚     0.9178    0.9380    0.9278       500
          时政     0.8707    0.8620    0.8663       500
          星座     0.9880    0.9840    0.9860       500
          游戏     0.9476    0.8680    0.9061       500
          社会     0.8559    0.9500    0.9005       500
          科技     0.8412    0.8580    0.8495       500
          股票     0.8775    0.7880    0.8303       500
          财经     0.8797    0.8920    0.8858       500

    accuracy                         0.9110      7000
   macro avg     0.9119    0.9110    0.9108      7000
weighted avg     0.9119    0.9110    0.9108      7000

2023-04-21 16:03:04,385 - bert_cls.py[line:196] - INFO: Confusion Matrix...
2023-04-21 16:03:04,385 - bert_cls.py[line:197] - INFO: [[484   7   1   8   0   0   0   0   0   0   0   0   0   0]
 [  5 459   1   0   3   3  15   3   0   4   4   1   1   1]
 [  3   7 445   0  19   0   9   3   0   3   4   4   3   0]
 [  6   0   0 491   0   0   0   0   0   0   2   1   0   0]
 [  1   2   5   0 463   2   2   5   0   0   4   1   8   7]
 [  1   2   3   0   1 465   1   5   4   2  13   2   0   1]
 [  0  10   9   0   2   1 469   1   1   2   0   3   0   2]
 [  2   5   0   0   9   3   3 431   0   1  27   9   6   4]
 [  0   1   2   0   0   2   2   0 492   0   0   1   0   0]
 [  8   5   1   1   6   0   3   1   0 434   4  30   3   4]
 [  2   3   0   1   4   3   2   4   0   0 475   4   1   1]
 [  0   2   3   1   6   3   4  10   1  11  15 429  11   4]
 [  2   3   3   1  11   0   0  25   0   1   0  23 394  37]
 [  1   0   0   0  12   2   1   7   0   0   7   2  22 446]]
2023-04-21 16:03:04,386 - bert_cls.py[line:162] - INFO: Epoch [15/30]
2023-04-21 16:04:21,097 - bert_cls.py[line:193] - INFO: Train Loss: 0.0307242,  Train Acc: 99.3071%,  Train F1: 99.3071%,  Val Loss: 0.6431,  Val Acc: 91.0143%,  Val F1: 91.0284%
2023-04-21 16:04:21,097 - bert_cls.py[line:194] - INFO: Precision, Recall and F1-Score...
2023-04-21 16:04:21,097 - bert_cls.py[line:195] - INFO:               precision    recall  f1-score   support

          体育     0.9651    0.9400    0.9524       500
          娱乐     0.9113    0.9040    0.9076       500
          家居     0.9521    0.8740    0.9114       500
          彩票     0.9589    0.9800    0.9693       500
          房产     0.9302    0.9060    0.9179       500
          教育     0.9380    0.9380    0.9380       500
          时尚     0.8922    0.9440    0.9174       500
          时政     0.8197    0.9000    0.8580       500
          星座     0.9841    0.9880    0.9860       500
          游戏     0.9105    0.9160    0.9133       500
          社会     0.8793    0.9180    0.8982       500
          科技     0.8769    0.8120    0.8432       500
          股票     0.8083    0.8600    0.8333       500
          财经     0.9370    0.8620    0.8979       500

    accuracy                         0.9101      7000
   macro avg     0.9117    0.9101    0.9103      7000
weighted avg     0.9117    0.9101    0.9103      7000

2023-04-21 16:04:21,098 - bert_cls.py[line:196] - INFO: Confusion Matrix...
2023-04-21 16:04:21,098 - bert_cls.py[line:197] - INFO: [[470   9   2  15   0   0   0   1   0   1   0   1   1   0]
 [  6 452   2   0   1   3  17   6   0   5   4   2   2   0]
 [  0   4 437   0  15   3  12   4   1   6   5   6   6   1]
 [  6   0   0 490   0   0   0   0   0   0   3   1   0   0]
 [  2   1   4   0 453   5   2  11   0   0   5   1  12   4]
 [  0   1   2   0   0 469   5   5   4   4   7   2   1   0]
 [  0  12   7   0   0   2 472   3   1   2   0   1   0   0]
 [  1   3   0   0   4   5   5 450   0   1  15   7   6   3]
 [  0   1   1   0   0   0   2   0 494   0   0   1   1   0]
 [  1   4   0   0   3   1   3   2   0 458   2  20   6   0]
 [  0   4   0   3   1   7   6  12   0   0 459   4   4   0]
 [  0   2   2   1   2   4   2  20   1  20  15 406  24   1]
 [  1   3   1   1   2   0   1  25   0   6   0  10 430  20]
 [  0   0   1   1   6   1   2  10   1   0   7   1  39 431]]
2023-04-21 16:04:21,099 - bert_cls.py[line:162] - INFO: Epoch [16/30]
2023-04-21 16:05:37,569 - bert_cls.py[line:193] - INFO: Train Loss: 0.0322813,  Train Acc: 99.2071%,  Train F1: 99.2071%,  Val Loss: 0.595,  Val Acc: 91.1000%,  Val F1: 91.1217%
2023-04-21 16:05:37,570 - bert_cls.py[line:194] - INFO: Precision, Recall and F1-Score...
2023-04-21 16:05:37,570 - bert_cls.py[line:195] - INFO:               precision    recall  f1-score   support

          体育     0.9490    0.9680    0.9584       500
          娱乐     0.8887    0.9260    0.9070       500
          家居     0.9584    0.8760    0.9154       500
          彩票     0.9819    0.9760    0.9789       500
          房产     0.9206    0.9040    0.9122       500
          教育     0.9533    0.9400    0.9466       500
          时尚     0.9401    0.9100    0.9248       500
          时政     0.7709    0.9420    0.8479       500
          星座     0.9840    0.9860    0.9850       500
          游戏     0.8807    0.9300    0.9047       500
          社会     0.9247    0.8840    0.9039       500
          科技     0.8855    0.8040    0.8428       500
          股票     0.8436    0.8200    0.8316       500
          财经     0.9080    0.8880    0.8979       500

    accuracy                         0.9110      7000
   macro avg     0.9135    0.9110    0.9112      7000
weighted avg     0.9135    0.9110    0.9112      7000

2023-04-21 16:05:37,570 - bert_cls.py[line:196] - INFO: Confusion Matrix...
2023-04-21 16:05:37,570 - bert_cls.py[line:197] - INFO: [[484   7   1   5   0   0   0   1   0   1   0   0   0   1]
 [  7 463   2   0   1   3   0  10   0   7   4   2   1   0]
 [  0   7 438   0  11   1  10   6   2  13   0   6   5   1]
 [ 10   0   0 488   0   0   0   0   0   0   1   1   0   0]
 [  1   0   5   0 452   4   5  10   0   2   5   2  10   4]
 [  1   1   1   0   0 470   2   8   3   4   6   3   0   1]
 [  0  22   6   0   2   1 455   2   1   4   2   4   1   0]
 [  2   3   0   0   2   4   0 471   0   3   7   2   4   2]
 [  0   2   0   0   0   0   2   0 493   1   0   1   1   0]
 [  1   5   1   0   5   0   2   2   0 465   0  15   3   1]
 [  1   5   1   3   1   8   1  28   0   0 442   6   3   1]
 [  0   3   1   0   4   1   6  28   1  24   8 402  19   3]
 [  2   3   0   0   7   0   0  34   0   4   0   9 410  31]
 [  1   0   1   1   6   1   1  11   1   0   3   1  29 444]]
2023-04-21 16:05:37,571 - bert_cls.py[line:162] - INFO: Epoch [17/30]
2023-04-21 16:06:54,059 - bert_cls.py[line:193] - INFO: Train Loss: 0.0310599,  Train Acc: 99.3429%,  Train F1: 99.3428%,  Val Loss: 0.6469,  Val Acc: 90.9286%,  Val F1: 90.9136%
2023-04-21 16:06:54,059 - bert_cls.py[line:194] - INFO: Precision, Recall and F1-Score...
2023-04-21 16:06:54,059 - bert_cls.py[line:195] - INFO:               precision    recall  f1-score   support

          体育     0.9360    0.9660    0.9508       500
          娱乐     0.8838    0.9280    0.9054       500
          家居     0.9432    0.8960    0.9190       500
          彩票     0.9817    0.9680    0.9748       500
          房产     0.9091    0.9200    0.9145       500
          教育     0.9513    0.9380    0.9446       500
          时尚     0.9740    0.8980    0.9344       500
          时政     0.8396    0.9000    0.8687       500
          星座     0.9860    0.9840    0.9850       500
          游戏     0.8389    0.9480    0.8901       500
          社会     0.9051    0.9160    0.9105       500
          科技     0.8124    0.8400    0.8260       500
          股票     0.8931    0.7520    0.8165       500
          财经     0.8994    0.8760    0.8875       500

    accuracy                         0.9093      7000
   macro avg     0.9110    0.9093    0.9091      7000
weighted avg     0.9110    0.9093    0.9091      7000

2023-04-21 16:06:54,059 - bert_cls.py[line:196] - INFO: Confusion Matrix...
2023-04-21 16:06:54,059 - bert_cls.py[line:197] - INFO: [[483   5   2   8   0   0   0   0   0   1   0   1   0   0]
 [  7 464   2   0   2   4   1   3   0  10   3   4   0   0]
 [  0   5 448   0  11   1   3   6   2  12   0  10   2   0]
 [ 12   0   0 484   0   0   0   0   0   0   3   1   0   0]
 [  2   2   6   0 460   3   1   8   0   3   6   2   4   3]
 [  0   1   3   0   0 469   3   4   3   6   7   3   0   1]
 [  0  23   8   0   3   1 449   3   1   5   1   4   0   2]
 [  3   9   1   0   4   3   0 450   0   2  14   8   3   3]
 [  0   2   0   0   0   2   2   0 492   1   0   1   0   0]
 [  1   2   0   0   3   1   0   0   0 474   0  17   2   0]
 [  2   6   0   0   1   7   1  12   0   0 458  11   0   2]
 [  0   3   3   0   4   0   0  12   1  42   9 420   6   0]
 [  5   3   1   0  12   1   0  26   0   5   0  33 376  38]
 [  1   0   1   1   6   1   1  12   0   4   5   2  28 438]]
2023-04-21 16:06:54,060 - bert_cls.py[line:162] - INFO: Epoch [18/30]
2023-04-21 16:08:10,559 - bert_cls.py[line:193] - INFO: Train Loss: 0.0302472,  Train Acc: 99.3214%,  Train F1: 99.3215%,  Val Loss: 0.6532,  Val Acc: 90.8286%,  Val F1: 90.8346%
2023-04-21 16:08:10,559 - bert_cls.py[line:194] - INFO: Precision, Recall and F1-Score...
2023-04-21 16:08:10,559 - bert_cls.py[line:195] - INFO:               precision    recall  f1-score   support

          体育     0.9655    0.9520    0.9587       500
          娱乐     0.9196    0.8920    0.9056       500
          家居     0.9325    0.8840    0.9076       500
          彩票     0.9554    0.9860    0.9705       500
          房产     0.9321    0.9060    0.9189       500
          教育     0.9627    0.9300    0.9461       500
          时尚     0.9654    0.8940    0.9283       500
          时政     0.8291    0.9120    0.8686       500
          星座     0.9802    0.9880    0.9841       500
          游戏     0.8426    0.9420    0.8895       500
          社会     0.8363    0.9300    0.8807       500
          科技     0.8444    0.8360    0.8402       500
          股票     0.8742    0.7920    0.8311       500
          财经     0.9027    0.8720    0.8871       500

    accuracy                         0.9083      7000
   macro avg     0.9102    0.9083    0.9083      7000
weighted avg     0.9102    0.9083    0.9083      7000

2023-04-21 16:08:10,559 - bert_cls.py[line:196] - INFO: Confusion Matrix...
2023-04-21 16:08:10,559 - bert_cls.py[line:197] - INFO: [[476   5   1  12   0   0   0   2   0   1   1   2   0   0]
 [  6 446   0   1   1   3   3   8   0  19   7   6   0   0]
 [  0   3 442   0   6   1   5   6   1  13   9  10   3   1]
 [  5   0   0 493   0   0   0   0   0   0   1   1   0   0]
 [  0   1   6   0 453   4   2   7   1   2  10   2   6   6]
 [  0   0   1   2   0 465   2   6   5   5  12   2   0   0]
 [  0  19  14   0   1   1 447   3   0   4   6   3   2   0]
 [  1   1   0   0   3   3   0 456   0   3  16  11   2   4]
 [  0   0   1   0   0   2   1   0 494   1   0   1   0   0]
 [  2   2   1   0   3   0   1   0   1 471   0  15   3   1]
 [  1   4   1   5   1   3   0  11   0   0 465   6   3   0]
 [  0   2   2   1   1   0   0  12   1  33  19 418  10   1]
 [  1   2   3   1  10   0   0  30   1   6   1  15 396  34]
 [  1   0   2   1   7   1   2   9   0   1   9   3  28 436]]
2023-04-21 16:08:10,560 - bert_cls.py[line:205] - INFO: No optimization for a long time, auto-stopping...
2023-04-21 16:08:15,798 - bert_cls.py[line:149] - INFO: Test Loss:  0.52,  Test Acc: 92.00%, Test F1:92.00%
2023-04-21 16:08:15,798 - bert_cls.py[line:150] - INFO: Precision, Recall and F1-Score...
2023-04-21 16:08:15,798 - bert_cls.py[line:151] - INFO:               precision    recall  f1-score   support

          体育     0.9542    0.9580    0.9561       500
          娱乐     0.8650    0.9480    0.9046       500
          家居     0.9502    0.8780    0.9127       500
          彩票     0.9801    0.9860    0.9831       500
          房产     0.8776    0.9320    0.9040       500
          教育     0.9434    0.9660    0.9545       500
          时尚     0.9584    0.9220    0.9399       500
          时政     0.8945    0.9160    0.9051       500
          星座     0.9841    0.9920    0.9880       500
          游戏     0.9467    0.9240    0.9352       500
          社会     0.9251    0.9140    0.9195       500
          科技     0.8264    0.8760    0.8505       500
          股票     0.8592    0.8180    0.8381       500
          财经     0.9300    0.8500    0.8882       500

    accuracy                         0.9200      7000
   macro avg     0.9211    0.9200    0.9200      7000
weighted avg     0.9211    0.9200    0.9200      7000

2023-04-21 16:08:15,798 - bert_cls.py[line:152] - INFO: Confusion Matrix...
2023-04-21 16:08:15,798 - bert_cls.py[line:153] - INFO: [[479  13   0   5   0   0   1   1   0   0   1   0   0   0]
 [  6 474   1   2   0   2   4   2   2   2   3   1   0   1]
 [  0   8 439   0  25   1   2   2   2   2   2  12   3   2]
 [  6   1   0 493   0   0   0   0   0   0   0   0   0   0]
 [  1   3   6   0 466   0   1   1   0   1   4   6   6   5]
 [  0   2   0   0   1 483   1   2   3   1   5   2   0   0]
 [  1  17   7   0   7   2 461   1   0   0   2   2   0   0]
 [  1   4   0   0   5   5   2 458   0   1   8   7   5   4]
 [  0   0   0   0   0   1   3   0 496   0   0   0   0   0]
 [  3   9   1   0   1   1   4   1   0 462   1  15   2   0]
 [  4   5   1   1   1  11   2   7   0   0 457  10   1   0]
 [  0   8   1   1   6   3   0  10   0  12   8 438  12   1]
 [  0   1   3   0  14   2   0  21   0   6   0  25 409  19]
 [  1   3   3   1   5   1   0   6   1   1   3  12  38 425]]
